CREATE SCHEMA partition_subquery;
SET SEARCH_PATH=partition_subquery;
-- Given a partition table
CREATE TABLE pt1(id int) DISTRIBUTED BY (id) PARTITION BY RANGE (id) (DEFAULT PARTITION p1);
NOTICE:  CREATE TABLE will create partition "pt1_1_prt_p1" for table "pt1"
-- When I run a query, outermost query, and it is selecting FROM a subquery
-- And that subquery, subquery 1, contains another subquery, subquery 2
-- And the outermost query aggregates over a column from an inherited table
-- And the subquery 1 is prevented from being pulled up into a join
SELECT id FROM (
	SELECT id, sum(id) OVER() as sum_id FROM (
		SELECT id FROM pt1
	) as sq1
) as sq2 GROUP BY id;
 id 
----
(0 rows)

-- Then, the query executes successfully
--start_ignore
DROP TABLE IF EXISTS pt1;
--end_ignore
-- When a query had a partitioned table and a correlated subquery, it 
-- failed with Query Optimizer. There was implemented a fix which
-- fixes this problem.
DROP TABLE IF EXISTS t1, t2;
NOTICE:  table "t1" does not exist, skipping
NOTICE:  table "t2" does not exist, skipping
CREATE TABLE t1 (a INT) PARTITION BY RANGE (a) (START (1) END (3) EVERY (1));
NOTICE:  Table doesn't have 'DISTRIBUTED BY' clause -- Using column named 'a' as the Greengage Database data distribution key for this table.
HINT:  The 'DISTRIBUTED BY' clause determines the distribution of data. Make sure column(s) chosen are the optimal data distribution key to minimize skew.
NOTICE:  CREATE TABLE will create partition "t1_1_prt_1" for table "t1"
NOTICE:  CREATE TABLE will create partition "t1_1_prt_2" for table "t1"
CREATE TABLE t2 (b INT8) DISTRIBUTED BY (b);
INSERT INTO t1 VALUES (1), (2);
INSERT INTO t2 VALUES (2), (3);
EXPLAIN SELECT * FROM t1 WHERE a <= (
    SELECT * FROM t2
    WHERE t2.b <= (SELECT * FROM t2 AS t3 WHERE t3.b = t2.b)
    AND t1.a = t2.b);
                                                      QUERY PLAN                                                       
-----------------------------------------------------------------------------------------------------------------------
 Gather Motion 3:1  (slice5; segments: 3)  (cost=0.00..595815.50 rows=64200 width=4)
   ->  Append  (cost=0.00..595815.50 rows=21400 width=4)
         ->  Seq Scan on t1_1_prt_1  (cost=0.00..297907.75 rows=10700 width=4)
               Filter: (a <= (SubPlan 2))
               SubPlan 2  (slice5; segments: 3)
                 ->  Result  (cost=0.00..3.08 rows=1 width=8)
                       Filter: ((t1_1_prt_1.a = t2.b) AND (t2.b <= (SubPlan 1)))
                       ->  Materialize  (cost=0.00..3.08 rows=1 width=8)
                             ->  Broadcast Motion 3:3  (slice2; segments: 3)  (cost=0.00..3.08 rows=1 width=8)
                                   ->  Seq Scan on t2  (cost=0.00..3.08 rows=1 width=8)
                       SubPlan 1  (slice5; segments: 3)
                         ->  Result  (cost=0.00..1.03 rows=1 width=8)
                               Filter: (t3.b = t2.b)
                               ->  Materialize  (cost=0.00..1.03 rows=1 width=8)
                                     ->  Broadcast Motion 3:3  (slice1; segments: 3)  (cost=0.00..1.02 rows=1 width=8)
                                           ->  Seq Scan on t2 t3  (cost=0.00..1.02 rows=1 width=8)
         ->  Seq Scan on t1_1_prt_2  (cost=0.00..297907.75 rows=10700 width=4)
               Filter: (a <= (SubPlan 2))
               SubPlan 2  (slice5; segments: 3)
                 ->  Result  (cost=0.00..3.08 rows=1 width=8)
                       Filter: ((t1_1_prt_2.a = t2_1.b) AND (t2_1.b <= (SubPlan 1)))
                       ->  Materialize  (cost=0.00..3.08 rows=1 width=8)
                             ->  Broadcast Motion 3:3  (slice4; segments: 3)  (cost=0.00..3.08 rows=1 width=8)
                                   ->  Seq Scan on t2 t2_1  (cost=0.00..3.08 rows=1 width=8)
                       SubPlan 1  (slice5; segments: 3)
                         ->  Result  (cost=0.00..1.03 rows=1 width=8)
                               Filter: (t3_1.b = t2_1.b)
                               ->  Materialize  (cost=0.00..1.03 rows=1 width=8)
                                     ->  Broadcast Motion 3:3  (slice3; segments: 3)  (cost=0.00..1.02 rows=1 width=8)
                                           ->  Seq Scan on t2 t3_1  (cost=0.00..1.02 rows=1 width=8)
 Optimizer: Postgres query optimizer
(31 rows)

SELECT * FROM t1 WHERE a <= (
    SELECT * FROM t2
    WHERE t2.b <= (SELECT * FROM t2 AS t3 WHERE t3.b = t2.b)
    AND t1.a = t2.b);
 a 
---
 2
(1 row)

